<?xml version="1.0" encoding="UTF-8"?>
<!-- Generated by org.testng.reporters.JUnitReportReporter -->
<testsuite hostname="DJ" failures="0" tests="1" name="reqrus.CRUD.Operations.WithBDD.LoginSuccessfulTest" time="8.760" errors="0" timestamp="2022-11-20T16:11:53 IST" skipped="0">
  <testcase classname="reqrus.CRUD.Operations.WithBDD.LoginSuccessfulTest" name="loginSuccessful" time="8.760"/>
  <system-out/>
</testsuite> <!-- reqrus.CRUD.Operations.WithBDD.LoginSuccessfulTest -->
