<?xml version="1.0" encoding="UTF-8"?>
<!-- Generated by org.testng.reporters.JUnitReportReporter -->
<testsuite hostname="DJ" failures="0" tests="1" name="pojo.ResponseValidationTest" time="4.277" errors="0" timestamp="2023-03-11T12:09:50 IST" skipped="0">
  <testcase classname="pojo.ResponseValidationTest" name="respBodyValidation" time="4.277"/>
  <system-out/>
</testsuite> <!-- pojo.ResponseValidationTest -->
