<?xml version="1.0" encoding="UTF-8"?>
<!-- Generated by org.testng.reporters.JUnitReportReporter -->
<testsuite hostname="DJ" failures="0" tests="1" name="reqrus.CRUD.Operations.WithBDD.UpdateTest" time="8.516" errors="0" timestamp="2022-11-20T15:46:55 IST" skipped="0">
  <testcase classname="reqrus.CRUD.Operations.WithBDD.UpdateTest" name="Update" time="8.516"/>
  <system-out/>
</testsuite> <!-- reqrus.CRUD.Operations.WithBDD.UpdateTest -->
