<?xml version="1.0" encoding="UTF-8"?>
<!-- Generated by org.testng.reporters.JUnitReportReporter -->
<testsuite hostname="DJ" failures="0" tests="1" name="reqrus.CRUD.Operations.WithBDD.ListUsersTest" time="9.080" errors="0" timestamp="2022-11-20T15:02:06 IST" skipped="0">
  <testcase classname="reqrus.CRUD.Operations.WithBDD.ListUsersTest" name="getListUsers" time="9.080"/>
  <system-out/>
</testsuite> <!-- reqrus.CRUD.Operations.WithBDD.ListUsersTest -->
