<?xml version="1.0" encoding="UTF-8"?>
<!-- Generated by org.testng.reporters.JUnitReportReporter -->
<testsuite hostname="DJ" failures="0" tests="1" name="reqrus.CRUD.Operations.WithBDD.RegisterSuccessfulTest" time="8.299" errors="0" timestamp="2022-11-20T16:02:00 IST" skipped="0">
  <testcase classname="reqrus.CRUD.Operations.WithBDD.RegisterSuccessfulTest" name="registerSuccessfulTest" time="8.299"/>
  <system-out/>
</testsuite> <!-- reqrus.CRUD.Operations.WithBDD.RegisterSuccessfulTest -->
