<?xml version="1.0" encoding="UTF-8"?>
<!-- Generated by org.testng.reporters.JUnitReportReporter -->
<testsuite hostname="DJ" failures="0" tests="1" name="reqrus.CRUD.Operations.GetUser" time="2.639" errors="0" timestamp="2022-11-20T11:22:05 IST" skipped="0">
  <testcase classname="reqrus.CRUD.Operations.GetUser" name="getUser" time="2.639"/>
  <system-out/>
</testsuite> <!-- reqrus.CRUD.Operations.GetUser -->
