<?xml version="1.0" encoding="UTF-8"?>
<!-- Generated by org.testng.reporters.JUnitReportReporter -->
<testsuite hostname="DJ" failures="0" tests="1" name="reqrus.CRUD.Operations.GetAllUsers" time="2.785" errors="0" timestamp="2022-11-20T11:56:40 IST" skipped="0">
  <testcase classname="reqrus.CRUD.Operations.GetAllUsers" name="getAllUsers" time="2.785"/>
  <system-out/>
</testsuite> <!-- reqrus.CRUD.Operations.GetAllUsers -->
