<?xml version="1.0" encoding="UTF-8"?>
<!-- Generated by org.testng.reporters.JUnitReportReporter -->
<testsuite hostname="DJ" failures="0" tests="1" name="reqrusObject.Hashmap" time="8.621" errors="0" timestamp="2022-11-20T21:14:20 IST" skipped="0">
  <testcase classname="reqrusObject.Hashmap" name="hashmapObject" time="8.621"/>
  <system-out/>
</testsuite> <!-- reqrusObject.Hashmap -->
