<?xml version="1.0" encoding="UTF-8"?>
<!-- Generated by org.testng.reporters.JUnitReportReporter -->
<testsuite hostname="DJ" failures="0" tests="1" name="reqrus.CRUD.Operations.WithBDD.SingleResource" time="6.220" errors="0" timestamp="2022-11-20T15:28:07 IST" skipped="0">
  <testcase classname="reqrus.CRUD.Operations.WithBDD.SingleResource" name="getSingleResource" time="6.220"/>
  <system-out/>
</testsuite> <!-- reqrus.CRUD.Operations.WithBDD.SingleResource -->
