<?xml version="1.0" encoding="UTF-8"?>
<!-- Generated by org.testng.reporters.JUnitReportReporter -->
<testsuite hostname="DJ" failures="0" tests="1" name="reqrus.CRUD.Operations.WithBDD.CreateUserTest" time="7.149" errors="0" timestamp="2022-11-20T14:00:50 IST" skipped="0">
  <testcase classname="reqrus.CRUD.Operations.WithBDD.CreateUserTest" name="createUser" time="7.149"/>
  <system-out/>
</testsuite> <!-- reqrus.CRUD.Operations.WithBDD.CreateUserTest -->
