<?xml version="1.0" encoding="UTF-8"?>
<!-- Generated by org.testng.reporters.JUnitReportReporter -->
<testsuite hostname="DJ" failures="0" tests="1" name="reqrus.CRUD.Operations.WithBDD.UpdateTest1" time="6.961" errors="0" timestamp="2022-11-20T15:52:23 IST" skipped="0">
  <testcase classname="reqrus.CRUD.Operations.WithBDD.UpdateTest1" name="patch" time="6.961"/>
  <system-out/>
</testsuite> <!-- reqrus.CRUD.Operations.WithBDD.UpdateTest1 -->
