<?xml version="1.0" encoding="UTF-8"?>
<!-- Generated by org.testng.reporters.JUnitReportReporter -->
<testsuite hostname="DJ" failures="0" tests="1" name="reqrus.CRUD.Operations.DeleteUser" time="3.715" errors="0" timestamp="2022-11-20T11:48:05 IST" skipped="0">
  <testcase classname="reqrus.CRUD.Operations.DeleteUser" name="deleteUser" time="3.715"/>
  <system-out/>
</testsuite> <!-- reqrus.CRUD.Operations.DeleteUser -->
