<?xml version="1.0" encoding="UTF-8"?>
<!-- Generated by org.testng.reporters.JUnitReportReporter -->
<testsuite hostname="DJ" failures="0" tests="1" name="reqrus.CRUD.Operations.WithBDD.DelayedResponseTest" time="11.441" errors="0" timestamp="2022-11-20T16:19:01 IST" skipped="0">
  <testcase classname="reqrus.CRUD.Operations.WithBDD.DelayedResponseTest" name="delayedResponse" time="11.441"/>
  <system-out/>
</testsuite> <!-- reqrus.CRUD.Operations.WithBDD.DelayedResponseTest -->
