<?xml version="1.0" encoding="UTF-8"?>
<!-- Generated by org.testng.reporters.JUnitReportReporter -->
<testsuite hostname="DJ" failures="0" tests="1" name="reqrus.CRUD.Operations.WithBDD.RegisterUnsuccessfulTest" time="6.689" errors="0" timestamp="2022-11-20T16:08:08 IST" skipped="0">
  <testcase classname="reqrus.CRUD.Operations.WithBDD.RegisterUnsuccessfulTest" name="registerUnsuccessfulTest" time="6.689"/>
  <system-out/>
</testsuite> <!-- reqrus.CRUD.Operations.WithBDD.RegisterUnsuccessfulTest -->
