<?xml version="1.0" encoding="UTF-8"?>
<!-- Generated by org.testng.reporters.JUnitReportReporter -->
<testsuite hostname="DJ" failures="0" tests="1" name="pojo.RequestChaining" time="4.528" errors="0" timestamp="2023-03-11T12:02:59 IST" skipped="0">
  <testcase classname="pojo.RequestChaining" name="requestChainingGetAndDelete" time="4.528"/>
  <system-out/>
</testsuite> <!-- pojo.RequestChaining -->
