<?xml version="1.0" encoding="UTF-8"?>
<!-- Generated by org.testng.reporters.JUnitReportReporter -->
<testsuite hostname="DJ" failures="0" tests="1" name="reqrus.CRUD.Operations.CreateUser" time="3.608" errors="0" timestamp="2022-11-20T11:11:58 IST" skipped="0">
  <testcase classname="reqrus.CRUD.Operations.CreateUser" name="createUser" time="3.608"/>
  <system-out/>
</testsuite> <!-- reqrus.CRUD.Operations.CreateUser -->
