<?xml version="1.0" encoding="UTF-8"?>
<!-- Generated by org.testng.reporters.JUnitReportReporter -->
<testsuite hostname="DJ" failures="0" tests="1" name="reqrus.CRUD.Operations.WithBDD.ListResourceTest" time="7.556" errors="0" timestamp="2022-11-20T15:19:27 IST" skipped="0">
  <testcase classname="reqrus.CRUD.Operations.WithBDD.ListResourceTest" name="getListresource" time="7.556"/>
  <system-out/>
</testsuite> <!-- reqrus.CRUD.Operations.WithBDD.ListResourceTest -->
