<?xml version="1.0" encoding="UTF-8"?>
<!-- Generated by org.testng.reporters.JUnitReportReporter -->
<testsuite hostname="DJ" failures="0" tests="1" name="reqrus.CRUD.Operations.WithBDD.SingleResourceNotFound" time="6.417" errors="0" timestamp="2022-11-20T15:32:15 IST" skipped="0">
  <testcase classname="reqrus.CRUD.Operations.WithBDD.SingleResourceNotFound" name="getsingleResourceNotFound" time="6.417"/>
  <system-out/>
</testsuite> <!-- reqrus.CRUD.Operations.WithBDD.SingleResourceNotFound -->
