<?xml version="1.0" encoding="UTF-8"?>
<!-- Generated by org.testng.reporters.JUnitReportReporter -->
<testsuite hostname="DJ" failures="0" tests="1" name="reqrus.CRUD.Operations.WithBDD.LoginUnsuccessfulTest" time="9.178" errors="0" timestamp="2022-11-20T16:15:28 IST" skipped="0">
  <testcase classname="reqrus.CRUD.Operations.WithBDD.LoginUnsuccessfulTest" name="loginUnsuccessfulTest" time="9.178"/>
  <system-out/>
</testsuite> <!-- reqrus.CRUD.Operations.WithBDD.LoginUnsuccessfulTest -->
