<?xml version="1.0" encoding="UTF-8"?>
<!-- Generated by org.testng.reporters.JUnitReportReporter -->
<testsuite hostname="DJ" failures="0" tests="1" name="reqrusObject.FileObject" time="5.839" errors="0" timestamp="2022-11-20T21:42:27 IST" skipped="0">
  <testcase classname="reqrusObject.FileObject" name="FileObject" time="5.839"/>
  <system-out/>
</testsuite> <!-- reqrusObject.FileObject -->
