<?xml version="1.0" encoding="UTF-8"?>
<!-- Generated by org.testng.reporters.JUnitReportReporter -->
<testsuite hostname="DJ" failures="0" tests="1" name="reqrus.CRUD.Operations.UpdateUser" time="3.668" errors="0" timestamp="2022-11-20T11:37:38 IST" skipped="0">
  <testcase classname="reqrus.CRUD.Operations.UpdateUser" name="updateUser" time="3.668"/>
  <system-out/>
</testsuite> <!-- reqrus.CRUD.Operations.UpdateUser -->
